        -:    0:Source:dominion.c
        -:    0:Graph:dominion.gcno
        -:    0:Data:dominion.gcda
        -:    0:Runs:1
        -:    0:Programs:1
        -:    1:/*******************************************************
        -:    2:Christian Roccanova
        -:    3:CS362-400
        -:    4:7/7/2018
        -:    5:Assignment 2 - Refactor
        -:    6:********************************************************/
        -:    7:
        -:    8:
        -:    9:#include "dominion.h"
        -:   10:#include "dominion_helpers.h"
        -:   11:#include "rngs.h"
        -:   12:#include <stdio.h>
        -:   13:#include <math.h>
        -:   14:#include <stdlib.h>
        -:   15:
       30:   16:int compare(const void* a, const void* b) {
       30:   17:	if (*(int*)a > *(int*)b)
    #####:   18:		return 1;
       30:   19:	if (*(int*)a < *(int*)b)
        8:   20:		return -1;
       22:   21:	return 0;
        -:   22:}
        -:   23:
    #####:   24:struct gameState* newGame() {
    #####:   25:	struct gameState* g = malloc(sizeof(struct gameState));
    #####:   26:	return g;
        -:   27:}
        -:   28:
    #####:   29:int* kingdomCards(int k1, int k2, int k3, int k4, int k5, int k6, int k7,
        -:   30:	int k8, int k9, int k10) {
    #####:   31:	int* k = malloc(10 * sizeof(int));
    #####:   32:	k[0] = k1;
    #####:   33:	k[1] = k2;
    #####:   34:	k[2] = k3;
    #####:   35:	k[3] = k4;
    #####:   36:	k[4] = k5;
    #####:   37:	k[5] = k6;
    #####:   38:	k[6] = k7;
    #####:   39:	k[7] = k8;
    #####:   40:	k[8] = k9;
    #####:   41:	k[9] = k10;
    #####:   42:	return k;
        -:   43:}
        -:   44:
        1:   45:int initializeGame(int numPlayers, int kingdomCards[10], int randomSeed,
        -:   46:	struct gameState *state) {
        -:   47:
        -:   48:	int i;
        -:   49:	int j;
        -:   50:	int it;
        -:   51:	//set up random number generator
        1:   52:	SelectStream(1);
        1:   53:	PutSeed((long)randomSeed);
        -:   54:
        -:   55:	//check number of players
        1:   56:	if (numPlayers > MAX_PLAYERS || numPlayers < 2)
        -:   57:	{
    #####:   58:		return -1;
        -:   59:	}
        -:   60:
        -:   61:	//set number of players
        1:   62:	state->numPlayers = numPlayers;
        -:   63:
        -:   64:	//check selected kingdom cards are different
       11:   65:	for (i = 0; i < 10; i++)
        -:   66:	{
      110:   67:		for (j = 0; j < 10; j++)
        -:   68:		{
      100:   69:			if (j != i && kingdomCards[j] == kingdomCards[i])
        -:   70:			{
    #####:   71:				return -1;
        -:   72:			}
        -:   73:		}
        -:   74:	}
        -:   75:
        -:   76:
        -:   77:	//initialize supply
        -:   78:	///////////////////////////////
        -:   79:
        -:   80:	//set number of Curse cards
        1:   81:	if (numPlayers == 2)
        -:   82:	{
        1:   83:		state->supplyCount[curse] = 10;
        -:   84:	}
    #####:   85:	else if (numPlayers == 3)
        -:   86:	{
    #####:   87:		state->supplyCount[curse] = 20;
        -:   88:	}
        -:   89:	else
        -:   90:	{
    #####:   91:		state->supplyCount[curse] = 30;
        -:   92:	}
        -:   93:
        -:   94:	//set number of Victory cards
        1:   95:	if (numPlayers == 2)
        -:   96:	{
        1:   97:		state->supplyCount[estate] = 8;
        1:   98:		state->supplyCount[duchy] = 8;
        1:   99:		state->supplyCount[province] = 8;
        -:  100:	}
        -:  101:	else
        -:  102:	{
    #####:  103:		state->supplyCount[estate] = 12;
    #####:  104:		state->supplyCount[duchy] = 12;
    #####:  105:		state->supplyCount[province] = 12;
        -:  106:	}
        -:  107:
        -:  108:	//set number of Treasure cards
        1:  109:	state->supplyCount[copper] = 60 - (7 * numPlayers);
        1:  110:	state->supplyCount[silver] = 40;
        1:  111:	state->supplyCount[gold] = 30;
        -:  112:
        -:  113:	//set number of Kingdom cards
       21:  114:	for (i = adventurer; i <= treasure_map; i++)       	//loop all cards
        -:  115:	{
      165:  116:		for (j = 0; j < 10; j++)           		//loop chosen cards
        -:  117:		{
      155:  118:			if (kingdomCards[j] == i)
        -:  119:			{
        -:  120:				//check if card is a 'Victory' Kingdom card
       10:  121:				if (kingdomCards[j] == great_hall || kingdomCards[j] == gardens)
        -:  122:				{
        4:  123:					if (numPlayers == 2) {
        2:  124:						state->supplyCount[i] = 8;
        -:  125:					}
    #####:  126:					else { state->supplyCount[i] = 12; }
        -:  127:				}
        -:  128:				else
        -:  129:				{
        8:  130:					state->supplyCount[i] = 10;
        -:  131:				}
       10:  132:				break;
        -:  133:			}
        -:  134:			else    //card is not in the set choosen for the game
        -:  135:			{
      145:  136:				state->supplyCount[i] = -1;
        -:  137:			}
        -:  138:		}
        -:  139:
        -:  140:	}
        -:  141:
        -:  142:	////////////////////////
        -:  143:	//supply intilization complete
        -:  144:
        -:  145:	//set player decks
        3:  146:	for (i = 0; i < numPlayers; i++)
        -:  147:	{
        2:  148:		state->deckCount[i] = 0;
        8:  149:		for (j = 0; j < 3; j++)
        -:  150:		{
        6:  151:			state->deck[i][j] = estate;
        6:  152:			state->deckCount[i]++;
        -:  153:		}
       16:  154:		for (j = 3; j < 10; j++)
        -:  155:		{
       14:  156:			state->deck[i][j] = copper;
       14:  157:			state->deckCount[i]++;
        -:  158:		}
        -:  159:	}
        -:  160:
        -:  161:	//shuffle player decks
        3:  162:	for (i = 0; i < numPlayers; i++)
        -:  163:	{
        2:  164:		if (shuffle(i, state) < 0)
        -:  165:		{
    #####:  166:			return -1;
        -:  167:		}
        -:  168:	}
        -:  169:
        -:  170:	//draw player hands
        3:  171:	for (i = 0; i < numPlayers; i++)
        -:  172:	{
        -:  173:		//initialize hand size to zero
        2:  174:		state->handCount[i] = 0;
        2:  175:		state->discardCount[i] = 0;
        -:  176:		//draw 5 cards
        -:  177:		// for (j = 0; j < 5; j++)
        -:  178:		//	{
        -:  179:		//	  drawCard(i, state);
        -:  180:		//	}
        -:  181:	}
        -:  182:
        -:  183:	//set embargo tokens to 0 for all supply piles
       28:  184:	for (i = 0; i <= treasure_map; i++)
        -:  185:	{
       27:  186:		state->embargoTokens[i] = 0;
        -:  187:	}
        -:  188:
        -:  189:	//initialize first player's turn
        1:  190:	state->outpostPlayed = 0;
        1:  191:	state->phase = 0;
        1:  192:	state->numActions = 1;
        1:  193:	state->numBuys = 1;
        1:  194:	state->playedCardCount = 0;
        1:  195:	state->whoseTurn = 0;
        1:  196:	state->handCount[state->whoseTurn] = 0;
        -:  197:	//int it; move to top
        -:  198:
        -:  199:	//Moved draw cards to here, only drawing at the start of a turn
        6:  200:	for (it = 0; it < 5; it++) {
        5:  201:		drawCard(state->whoseTurn, state);
        -:  202:	}
        -:  203:
        1:  204:	updateCoins(state->whoseTurn, state, 0);
        -:  205:
        1:  206:	return 0;
        -:  207:}
        -:  208:
        2:  209:int shuffle(int player, struct gameState *state) {
        -:  210:
        -:  211:
        -:  212:	int newDeck[MAX_DECK];
        2:  213:	int newDeckPos = 0;
        -:  214:	int card;
        -:  215:	int i;
        -:  216:
        2:  217:	if (state->deckCount[player] < 1)
    #####:  218:		return -1;
        2:  219:	qsort((void*)(state->deck[player]), state->deckCount[player], sizeof(int), compare);
        -:  220:	/* SORT CARDS IN DECK TO ENSURE DETERMINISM! */
        -:  221:
       24:  222:	while (state->deckCount[player] > 0) {
       20:  223:		card = floor(Random() * state->deckCount[player]);
       20:  224:		newDeck[newDeckPos] = state->deck[player][card];
       20:  225:		newDeckPos++;
       70:  226:		for (i = card; i < state->deckCount[player] - 1; i++) {
       50:  227:			state->deck[player][i] = state->deck[player][i + 1];
        -:  228:		}
       20:  229:		state->deckCount[player]--;
        -:  230:	}
       22:  231:	for (i = 0; i < newDeckPos; i++) {
       20:  232:		state->deck[player][i] = newDeck[i];
       20:  233:		state->deckCount[player]++;
        -:  234:	}
        -:  235:
        2:  236:	return 0;
        -:  237:}
        -:  238:
    #####:  239:int playCard(int handPos, int choice1, int choice2, int choice3, struct gameState *state)
        -:  240:{
        -:  241:	int card;
    #####:  242:	int coin_bonus = 0; 		//tracks coins gain from actions
        -:  243:
        -:  244:								//check if it is the right phase
    #####:  245:	if (state->phase != 0)
        -:  246:	{
    #####:  247:		return -1;
        -:  248:	}
        -:  249:
        -:  250:	//check if player has enough actions
    #####:  251:	if (state->numActions < 1)
        -:  252:	{
    #####:  253:		return -1;
        -:  254:	}
        -:  255:
        -:  256:	//get card played
    #####:  257:	card = handCard(handPos, state);
        -:  258:
        -:  259:	//check if selected card is an action
    #####:  260:	if (card < adventurer || card > treasure_map)
        -:  261:	{
    #####:  262:		return -1;
        -:  263:	}
        -:  264:
        -:  265:	//play card
    #####:  266:	if (cardEffect(card, choice1, choice2, choice3, state, handPos, &coin_bonus) < 0)
        -:  267:	{
    #####:  268:		return -1;
        -:  269:	}
        -:  270:
        -:  271:	//reduce number of actions
    #####:  272:	state->numActions--;
        -:  273:
        -:  274:	//update coins (Treasure cards may be added with card draws)
    #####:  275:	updateCoins(state->whoseTurn, state, coin_bonus);
        -:  276:
    #####:  277:	return 0;
        -:  278:}
        -:  279:
    #####:  280:int buyCard(int supplyPos, struct gameState *state) {
        -:  281:	int who;
        -:  282:	if (DEBUG) {
        -:  283:		printf("Entering buyCard...\n");
        -:  284:	}
        -:  285:
        -:  286:	// I don't know what to do about the phase thing.
        -:  287:
    #####:  288:	who = state->whoseTurn;
        -:  289:
    #####:  290:	if (state->numBuys < 1) {
        -:  291:		if (DEBUG)
        -:  292:			printf("You do not have any buys left\n");
    #####:  293:		return -1;
        -:  294:	}
    #####:  295:	else if (supplyCount(supplyPos, state) <1) {
        -:  296:		if (DEBUG)
        -:  297:			printf("There are not any of that type of card left\n");
    #####:  298:		return -1;
        -:  299:	}
    #####:  300:	else if (state->coins < getCost(supplyPos)) {
        -:  301:		if (DEBUG)
        -:  302:			printf("You do not have enough money to buy that. You have %d coins.\n", state->coins);
    #####:  303:		return -1;
        -:  304:	}
        -:  305:	else {
    #####:  306:		state->phase = 1;
        -:  307:		//state->supplyCount[supplyPos]--;
    #####:  308:		gainCard(supplyPos, state, 0, who); //card goes in discard, this might be wrong.. (2 means goes into hand, 0 goes into discard)
        -:  309:
    #####:  310:		state->coins = (state->coins) - (getCost(supplyPos));
    #####:  311:		state->numBuys--;
        -:  312:		if (DEBUG)
        -:  313:			printf("You bought card number %d for %d coins. You now have %d buys and %d coins.\n", supplyPos, getCost(supplyPos), state->numBuys, state->coins);
        -:  314:	}
        -:  315:
        -:  316:	//state->discard[who][state->discardCount[who]] = supplyPos;
        -:  317:	//state->discardCount[who]++;
        -:  318:
    #####:  319:	return 0;
        -:  320:}
        -:  321:
    #####:  322:int numHandCards(struct gameState *state) {
    #####:  323:	return state->handCount[whoseTurn(state)];
        -:  324:}
        -:  325:
    #####:  326:int handCard(int handPos, struct gameState *state) {
    #####:  327:	int currentPlayer = whoseTurn(state);
    #####:  328:	return state->hand[currentPlayer][handPos];
        -:  329:}
        -:  330:
    #####:  331:int supplyCount(int card, struct gameState *state) {
    #####:  332:	return state->supplyCount[card];
        -:  333:}
        -:  334:
    #####:  335:int fullDeckCount(int player, int card, struct gameState *state) {
        -:  336:	int i;
    #####:  337:	int count = 0;
        -:  338:
    #####:  339:	for (i = 0; i < state->deckCount[player]; i++)
        -:  340:	{
    #####:  341:		if (state->deck[player][i] == card) count++;
        -:  342:	}
        -:  343:
    #####:  344:	for (i = 0; i < state->handCount[player]; i++)
        -:  345:	{
    #####:  346:		if (state->hand[player][i] == card) count++;
        -:  347:	}
        -:  348:
    #####:  349:	for (i = 0; i < state->discardCount[player]; i++)
        -:  350:	{
    #####:  351:		if (state->discard[player][i] == card) count++;
        -:  352:	}
        -:  353:
    #####:  354:	return count;
        -:  355:}
        -:  356:
        1:  357:int whoseTurn(struct gameState *state) {
        1:  358:	return state->whoseTurn;
        -:  359:}
        -:  360:
    #####:  361:int endTurn(struct gameState *state) {
        -:  362:	int k;
        -:  363:	int i;
    #####:  364:	int currentPlayer = whoseTurn(state);
        -:  365:
        -:  366:	//Discard hand
    #####:  367:	for (i = 0; i < state->handCount[currentPlayer]; i++) {
    #####:  368:		state->discard[currentPlayer][state->discardCount[currentPlayer]++] = state->hand[currentPlayer][i];//Discard
    #####:  369:		state->hand[currentPlayer][i] = -1;//Set card to -1
        -:  370:	}
    #####:  371:	state->handCount[currentPlayer] = 0;//Reset hand count
        -:  372:
        -:  373:										//Code for determining the player
    #####:  374:	if (currentPlayer < (state->numPlayers - 1)) {
    #####:  375:		state->whoseTurn = currentPlayer + 1;//Still safe to increment
        -:  376:	}
        -:  377:	else {
    #####:  378:		state->whoseTurn = 0;//Max player has been reached, loop back around to player 1
        -:  379:	}
        -:  380:
    #####:  381:	state->outpostPlayed = 0;
    #####:  382:	state->phase = 0;
    #####:  383:	state->numActions = 1;
    #####:  384:	state->coins = 0;
    #####:  385:	state->numBuys = 1;
    #####:  386:	state->playedCardCount = 0;
    #####:  387:	state->handCount[state->whoseTurn] = 0;
        -:  388:
        -:  389:	//int k; move to top
        -:  390:	//Next player draws hand
    #####:  391:	for (k = 0; k < 5; k++) {
    #####:  392:		drawCard(state->whoseTurn, state);//Draw a card
        -:  393:	}
        -:  394:
        -:  395:	//Update money
    #####:  396:	updateCoins(state->whoseTurn, state, 0);
        -:  397:
    #####:  398:	return 0;
        -:  399:}
        -:  400:
    #####:  401:int isGameOver(struct gameState *state) {
        -:  402:	int i;
        -:  403:	int j;
        -:  404:
        -:  405:	//if stack of Province cards is empty, the game ends
    #####:  406:	if (state->supplyCount[province] == 0)
        -:  407:	{
    #####:  408:		return 1;
        -:  409:	}
        -:  410:
        -:  411:	//if three supply pile are at 0, the game ends
    #####:  412:	j = 0;
    #####:  413:	for (i = 0; i < 25; i++)
        -:  414:	{
    #####:  415:		if (state->supplyCount[i] == 0)
        -:  416:		{
    #####:  417:			j++;
        -:  418:		}
        -:  419:	}
    #####:  420:	if (j >= 3)
        -:  421:	{
    #####:  422:		return 1;
        -:  423:	}
        -:  424:
    #####:  425:	return 0;
        -:  426:}
        -:  427:
    #####:  428:int scoreFor(int player, struct gameState *state) {
        -:  429:
        -:  430:	int i;
    #####:  431:	int score = 0;
        -:  432:	//score from hand
    #####:  433:	for (i = 0; i < state->handCount[player]; i++)
        -:  434:	{
    #####:  435:		if (state->hand[player][i] == curse) { score = score - 1; };
    #####:  436:		if (state->hand[player][i] == estate) { score = score + 1; };
    #####:  437:		if (state->hand[player][i] == duchy) { score = score + 3; };
    #####:  438:		if (state->hand[player][i] == province) { score = score + 6; };
    #####:  439:		if (state->hand[player][i] == great_hall) { score = score + 1; };
    #####:  440:		if (state->hand[player][i] == gardens) { score = score + (fullDeckCount(player, 0, state) / 10); };
        -:  441:	}
        -:  442:
        -:  443:	//score from discard
    #####:  444:	for (i = 0; i < state->discardCount[player]; i++)
        -:  445:	{
    #####:  446:		if (state->discard[player][i] == curse) { score = score - 1; };
    #####:  447:		if (state->discard[player][i] == estate) { score = score + 1; };
    #####:  448:		if (state->discard[player][i] == duchy) { score = score + 3; };
    #####:  449:		if (state->discard[player][i] == province) { score = score + 6; };
    #####:  450:		if (state->discard[player][i] == great_hall) { score = score + 1; };
    #####:  451:		if (state->discard[player][i] == gardens) { score = score + (fullDeckCount(player, 0, state) / 10); };
        -:  452:	}
        -:  453:
        -:  454:	//score from deck
    #####:  455:	for (i = 0; i < state->discardCount[player]; i++)
        -:  456:	{
    #####:  457:		if (state->deck[player][i] == curse) { score = score - 1; };
    #####:  458:		if (state->deck[player][i] == estate) { score = score + 1; };
    #####:  459:		if (state->deck[player][i] == duchy) { score = score + 3; };
    #####:  460:		if (state->deck[player][i] == province) { score = score + 6; };
    #####:  461:		if (state->deck[player][i] == great_hall) { score = score + 1; };
    #####:  462:		if (state->deck[player][i] == gardens) { score = score + (fullDeckCount(player, 0, state) / 10); };
        -:  463:	}
        -:  464:
    #####:  465:	return score;
        -:  466:}
        -:  467:
    #####:  468:int getWinners(int players[MAX_PLAYERS], struct gameState *state) {
        -:  469:	int i;
        -:  470:	int j;
        -:  471:	int highScore;
        -:  472:	int currentPlayer;
        -:  473:
        -:  474:	//get score for each player
    #####:  475:	for (i = 0; i < MAX_PLAYERS; i++)
        -:  476:	{
        -:  477:		//set unused player scores to -9999
    #####:  478:		if (i >= state->numPlayers)
        -:  479:		{
    #####:  480:			players[i] = -9999;
        -:  481:		}
        -:  482:		else
        -:  483:		{
    #####:  484:			players[i] = scoreFor(i, state);
        -:  485:		}
        -:  486:	}
        -:  487:
        -:  488:	//find highest score
    #####:  489:	j = 0;
    #####:  490:	for (i = 0; i < MAX_PLAYERS; i++)
        -:  491:	{
    #####:  492:		if (players[i] > players[j])
        -:  493:		{
    #####:  494:			j = i;
        -:  495:		}
        -:  496:	}
    #####:  497:	highScore = players[j];
        -:  498:
        -:  499:	//add 1 to players who had less turns
    #####:  500:	currentPlayer = whoseTurn(state);
    #####:  501:	for (i = 0; i < MAX_PLAYERS; i++)
        -:  502:	{
    #####:  503:		if (players[i] == highScore && i > currentPlayer)
        -:  504:		{
    #####:  505:			players[i]++;
        -:  506:		}
        -:  507:	}
        -:  508:
        -:  509:	//find new highest score
    #####:  510:	j = 0;
    #####:  511:	for (i = 0; i < MAX_PLAYERS; i++)
        -:  512:	{
    #####:  513:		if (players[i] > players[j])
        -:  514:		{
    #####:  515:			j = i;
        -:  516:		}
        -:  517:	}
    #####:  518:	highScore = players[j];
        -:  519:
        -:  520:	//set winners in array to 1 and rest to 0
    #####:  521:	for (i = 0; i < MAX_PLAYERS; i++)
        -:  522:	{
    #####:  523:		if (players[i] == highScore)
        -:  524:		{
    #####:  525:			players[i] = 1;
        -:  526:		}
        -:  527:		else
        -:  528:		{
    #####:  529:			players[i] = 0;
        -:  530:		}
        -:  531:	}
        -:  532:
    #####:  533:	return 0;
        -:  534:}
        -:  535:
        6:  536:int drawCard(int player, struct gameState *state)
        -:  537:{
        -:  538:	int count;
        -:  539:	int deckCounter;
        6:  540:	if (state->deckCount[player] <= 0) {//Deck is empty
        -:  541:
        -:  542:										//Step 1 Shuffle the discard pile back into a deck
        -:  543:		int i;
        -:  544:		//Move discard to deck
    #####:  545:		for (i = 0; i < state->discardCount[player]; i++) {
    #####:  546:			state->deck[player][i] = state->discard[player][i];
    #####:  547:			state->discard[player][i] = -1;
        -:  548:		}
        -:  549:
    #####:  550:		state->deckCount[player] = state->discardCount[player];
    #####:  551:		state->discardCount[player] = 0;//Reset discard
        -:  552:
        -:  553:										//Shufffle the deck
    #####:  554:		shuffle(player, state);//Shuffle the deck up and make it so that we can draw
        -:  555:
        -:  556:		if (DEBUG) {//Debug statements
        -:  557:			printf("Deck count now: %d\n", state->deckCount[player]);
        -:  558:		}
        -:  559:
    #####:  560:		state->discardCount[player] = 0;
        -:  561:
        -:  562:		//Step 2 Draw Card
    #####:  563:		count = state->handCount[player];//Get current player's hand count
        -:  564:
        -:  565:		if (DEBUG) {//Debug statements
        -:  566:			printf("Current hand count: %d\n", count);
        -:  567:		}
        -:  568:
    #####:  569:		deckCounter = state->deckCount[player];//Create a holder for the deck count
        -:  570:
    #####:  571:		if (deckCounter == 0)
    #####:  572:			return -1;
        -:  573:
    #####:  574:		state->hand[player][count] = state->deck[player][deckCounter - 1];//Add card to hand
    #####:  575:		state->deckCount[player]--;
    #####:  576:		state->handCount[player]++;//Increment hand count
        -:  577:	}
        -:  578:
        -:  579:	else {
        6:  580:		int count = state->handCount[player];//Get current hand count for player
        -:  581:		int deckCounter;
        -:  582:		if (DEBUG) {//Debug statements
        -:  583:			printf("Current hand count: %d\n", count);
        -:  584:		}
        -:  585:
        6:  586:		deckCounter = state->deckCount[player];//Create holder for the deck count
        6:  587:		state->hand[player][count] = state->deck[player][deckCounter - 1];//Add card to the hand
        6:  588:		state->deckCount[player]--;
        6:  589:		state->handCount[player]++;//Increment hand count
        -:  590:	}
        -:  591:
        6:  592:	return 0;
        -:  593:}
        -:  594:
    #####:  595:int getCost(int cardNumber)
        -:  596:{
    #####:  597:	switch (cardNumber)
        -:  598:	{
        -:  599:	case curse:
    #####:  600:		return 0;
        -:  601:	case estate:
    #####:  602:		return 2;
        -:  603:	case duchy:
    #####:  604:		return 5;
        -:  605:	case province:
    #####:  606:		return 8;
        -:  607:	case copper:
    #####:  608:		return 0;
        -:  609:	case silver:
    #####:  610:		return 3;
        -:  611:	case gold:
    #####:  612:		return 6;
        -:  613:	case adventurer:
    #####:  614:		return 6;
        -:  615:	case council_room:
    #####:  616:		return 5;
        -:  617:	case feast:
    #####:  618:		return 4;
        -:  619:	case gardens:
    #####:  620:		return 4;
        -:  621:	case mine:
    #####:  622:		return 5;
        -:  623:	case remodel:
    #####:  624:		return 4;
        -:  625:	case smithy:
    #####:  626:		return 4;
        -:  627:	case village:
    #####:  628:		return 3;
        -:  629:	case baron:
    #####:  630:		return 4;
        -:  631:	case great_hall:
    #####:  632:		return 3;
        -:  633:	case minion:
    #####:  634:		return 5;
        -:  635:	case steward:
    #####:  636:		return 3;
        -:  637:	case tribute:
    #####:  638:		return 5;
        -:  639:	case ambassador:
    #####:  640:		return 3;
        -:  641:	case cutpurse:
    #####:  642:		return 4;
        -:  643:	case embargo:
    #####:  644:		return 2;
        -:  645:	case outpost:
    #####:  646:		return 5;
        -:  647:	case salvager:
    #####:  648:		return 4;
        -:  649:	case sea_hag:
    #####:  650:		return 4;
        -:  651:	case treasure_map:
    #####:  652:		return 4;
        -:  653:	}
        -:  654:
    #####:  655:	return -1;
        -:  656:}
        -:  657:
        -:  658:
        1:  659:int cardEffect(int card, int choice1, int choice2, int choice3, struct gameState *state, int handPos, int *bonus)
        -:  660:{
        -:  661:	int i;
        -:  662:	int j;
        -:  663:	int k;
        -:  664:	int x;
        -:  665:	int index;
        1:  666:	int currentPlayer = whoseTurn(state);
        1:  667:	int nextPlayer = currentPlayer + 1;
        -:  668:
        1:  669:	int tributeRevealedCards[2] = { -1, -1 };
        -:  670:	int temphand[MAX_HAND];// moved above the if statement
        1:  671:	int drawntreasure = 0;
        -:  672:	int cardDrawn;
        1:  673:	int z = 0;// this is the counter for the temp hand
        1:  674:	if (nextPlayer > (state->numPlayers - 1)) {
    #####:  675:		nextPlayer = 0;
        -:  676:	}
        -:  677:			
        -:  678:
    #####:  679:	int playAdventurer()
        -:  680:	{
    #####:  681:		int drawntreasure = 0;
        -:  682:		int cardDrawn;
        -:  683:		
    #####:  684:		while (drawntreasure < 2) {
    #####:  685:			if (state->deckCount[currentPlayer] < 1) {//if the deck is empty we need to shuffle discard and add to deck
    #####:  686:				shuffle(currentPlayer, state);
        -:  687:				
        -:  688:			}
    #####:  689:			drawCard(currentPlayer, state);
    #####:  690:			cardDrawn = state->hand[currentPlayer][state->handCount[currentPlayer] - 1];//top card of hand is most recently drawn card.
        -:  691:			
        -:  692:			//bug removed for random test
    #####:  693:			if (cardDrawn == copper || cardDrawn == silver || cardDrawn == gold)
    #####:  694:				drawntreasure++;
        -:  695:			else {
    #####:  696:				temphand[z] = cardDrawn;
    #####:  697:				state->handCount[currentPlayer]--; //this should just remove the top card (the most recently drawn one).
    #####:  698:				z++;
        -:  699:			}
        -:  700:			
        -:  701:		}
    #####:  702:		while (z - 1 >= 0) {
    #####:  703:			state->discard[currentPlayer][state->discardCount[currentPlayer]++] = temphand[z - 1]; // discard all cards in play that have been drawn
    #####:  704:			z = z - 1;
        -:  705:			
        -:  706:		}
        -:  707:		
        -:  708:		
    #####:  709:	}
        -:  710:
    #####:  711:	int playSmithy()
        -:  712:	{
        -:  713:		//bug: i <= 3 causes 4 cards to be drawn***********************************************************
        -:  714:		//+3 Cards
    #####:  715:		for (i = 0; i <= 3; i++)
        -:  716:		{
    #####:  717:			drawCard(currentPlayer, state);
        -:  718:		}
        -:  719:
        -:  720:		//discard card from hand
    #####:  721:		discardCard(handPos, currentPlayer, state, 0);
    #####:  722:		return 0;
        -:  723:	}
        -:  724:
    #####:  725:	int playMine()
        -:  726:	{
    #####:  727:		j = state->hand[currentPlayer][choice1];  //store card we will trash
        -:  728:
    #####:  729:		if (state->hand[currentPlayer][choice1] < copper || state->hand[currentPlayer][choice1] > gold)
        -:  730:		{
    #####:  731:			return -1;
        -:  732:		}
        -:  733:
    #####:  734:		if (choice2 > treasure_map || choice2 < curse)
        -:  735:		{
    #####:  736:			return -1;
        -:  737:		}
        -:  738:
    #####:  739:		if ((getCost(state->hand[currentPlayer][choice1]) + 3) > getCost(choice2))
        -:  740:		{
    #####:  741:			return -1;
        -:  742:		}
        -:  743:
        -:  744:		//bug: chosen card goes into discard rather than hand***************************************************
    #####:  745:		gainCard(choice2, state, 0, currentPlayer);
        -:  746:
        -:  747:		//discard card from hand
    #####:  748:		discardCard(handPos, currentPlayer, state, 0);
        -:  749:
        -:  750:		//discard trashed card
    #####:  751:		for (i = 0; i < state->handCount[currentPlayer]; i++)
        -:  752:		{
    #####:  753:			if (state->hand[currentPlayer][i] == j)
        -:  754:			{
    #####:  755:				discardCard(i, currentPlayer, state, 0);
    #####:  756:				break;
        -:  757:			}
        -:  758:		}
        -:  759:
    #####:  760:		return 0;
        -:  761:	}
        -:  762:
    #####:  763:	int playOutpost()
        -:  764:	{
        -:  765:		// bug: deletion of state->outpostPlayed++; allows multiple outpost plays without flag being set *********************************
        -:  766:
        -:  767:		//discard card
    #####:  768:		discardCard(handPos, currentPlayer, state, 0);
    #####:  769:		return 0;
        -:  770:	}
        -:  771:
        1:  772:	int playGreat_hall()
        -:  773:	{
        -:  774:		//+1 Card
        1:  775:		drawCard(currentPlayer, state);
        -:  776:
        -:  777:		//+1 Actions
        1:  778:		state->numActions++;
        -:  779:
        -:  780:		//discard card from hand
        1:  781:		discardCard(handPos, currentPlayer, state, 0);
        1:  782:		return 0;
        -:  783:	}
        -:  784:
        -:  785:	//uses switch to select card and perform actions
        1:  786:	switch (card)
        -:  787:	{
        -:  788:	case adventurer:
        -:  789:
        -:  790:		
    #####:  791:		playAdventurer();
    #####:  792:		return 0;
        -:  793:
        -:  794:	case council_room:
        -:  795:		//+4 Cards
    #####:  796:		for (i = 0; i < 4; i++)
        -:  797:		{
    #####:  798:			drawCard(currentPlayer, state);
        -:  799:		}
        -:  800:
        -:  801:		//+1 Buy
    #####:  802:		state->numBuys++;
        -:  803:
        -:  804:		//Each other player draws a card
    #####:  805:		for (i = 0; i < state->numPlayers; i++)
        -:  806:		{
    #####:  807:			if (i != currentPlayer)
        -:  808:			{
    #####:  809:				drawCard(i, state);
        -:  810:			}
        -:  811:		}
        -:  812:
        -:  813:		//put played card in played card pile
    #####:  814:		discardCard(handPos, currentPlayer, state, 0);
        -:  815:
    #####:  816:		return 0;
        -:  817:
        -:  818:	case feast:
        -:  819:		//gain card with cost up to 5
        -:  820:		//Backup hand
    #####:  821:		for (i = 0; i <= state->handCount[currentPlayer]; i++) {
    #####:  822:			temphand[i] = state->hand[currentPlayer][i];//Backup card
    #####:  823:			state->hand[currentPlayer][i] = -1;//Set to nothing
        -:  824:		}
        -:  825:		//Backup hand
        -:  826:
        -:  827:		//Update Coins for Buy
    #####:  828:		updateCoins(currentPlayer, state, 5);
    #####:  829:		x = 1;//Condition to loop on
    #####:  830:		while (x == 1) {//Buy one card
    #####:  831:			if (supplyCount(choice1, state) <= 0) {
        -:  832:				if (DEBUG)
        -:  833:					printf("None of that card left, sorry!\n");
        -:  834:
        -:  835:				if (DEBUG) {
        -:  836:					printf("Cards Left: %d\n", supplyCount(choice1, state));
        -:  837:				}
        -:  838:			}
    #####:  839:			else if (state->coins < getCost(choice1)) {
    #####:  840:				printf("That card is too expensive!\n");
        -:  841:
        -:  842:				if (DEBUG) {
        -:  843:					printf("Coins: %d < %d\n", state->coins, getCost(choice1));
        -:  844:				}
        -:  845:			}
        -:  846:			else {
        -:  847:
        -:  848:				if (DEBUG) {
        -:  849:					printf("Deck Count: %d\n", state->handCount[currentPlayer] + state->deckCount[currentPlayer] + state->discardCount[currentPlayer]);
        -:  850:				}
        -:  851:
    #####:  852:				gainCard(choice1, state, 0, currentPlayer);//Gain the card
    #####:  853:				x = 0;//No more buying cards
        -:  854:
        -:  855:				if (DEBUG) {
        -:  856:					printf("Deck Count: %d\n", state->handCount[currentPlayer] + state->deckCount[currentPlayer] + state->discardCount[currentPlayer]);
        -:  857:				}
        -:  858:
        -:  859:			}
        -:  860:		}
        -:  861:
        -:  862:		//Reset Hand
    #####:  863:		for (i = 0; i <= state->handCount[currentPlayer]; i++) {
    #####:  864:			state->hand[currentPlayer][i] = temphand[i];
    #####:  865:			temphand[i] = -1;
        -:  866:		}
        -:  867:		//Reset Hand
        -:  868:
    #####:  869:		return 0;
        -:  870:
        -:  871:	case gardens:
    #####:  872:		return -1;
        -:  873:
        -:  874:	case mine:
        -:  875:
    #####:  876:		playMine();
        -:  877:
        -:  878:
        -:  879:
        -:  880:	case remodel:
    #####:  881:		j = state->hand[currentPlayer][choice1];  //store card we will trash
        -:  882:
    #####:  883:		if ((getCost(state->hand[currentPlayer][choice1]) + 2) > getCost(choice2))
        -:  884:		{
    #####:  885:			return -1;
        -:  886:		}
        -:  887:
    #####:  888:		gainCard(choice2, state, 0, currentPlayer);
        -:  889:
        -:  890:		//discard card from hand
    #####:  891:		discardCard(handPos, currentPlayer, state, 0);
        -:  892:
        -:  893:		//discard trashed card
    #####:  894:		for (i = 0; i < state->handCount[currentPlayer]; i++)
        -:  895:		{
    #####:  896:			if (state->hand[currentPlayer][i] == j)
        -:  897:			{
    #####:  898:				discardCard(i, currentPlayer, state, 0);
    #####:  899:				break;
        -:  900:			}
        -:  901:		}
        -:  902:
        -:  903:
    #####:  904:		return 0;
        -:  905:
        -:  906:	case smithy:
        -:  907:
    #####:  908:		playSmithy();
    #####:  909:		return 0;
        -:  910:
        -:  911:
        -:  912:	case baron:
    #####:  913:		state->numBuys++;//Increase buys by 1!
    #####:  914:		if (choice1 > 0) {//Boolean true or going to discard an estate
    #####:  915:			int p = 0;//Iterator for hand!
    #####:  916:			int card_not_discarded = 1;//Flag for discard set!
    #####:  917:			while (card_not_discarded) {
    #####:  918:				if (state->hand[currentPlayer][p] == estate) {//Found an estate card!
    #####:  919:					state->coins += 4;//Add 4 coins to the amount of coins
    #####:  920:					state->discard[currentPlayer][state->discardCount[currentPlayer]] = state->hand[currentPlayer][p];
    #####:  921:					state->discardCount[currentPlayer]++;
    #####:  922:					for (; p < state->handCount[currentPlayer]; p++) {
    #####:  923:						state->hand[currentPlayer][p] = state->hand[currentPlayer][p + 1];
        -:  924:					}
    #####:  925:					state->hand[currentPlayer][state->handCount[currentPlayer]] = -1;
    #####:  926:					state->handCount[currentPlayer]--;
    #####:  927:					card_not_discarded = 0;//Exit the loop
        -:  928:				}
    #####:  929:				else if (p > state->handCount[currentPlayer]) {
        -:  930:					if (DEBUG) {
        -:  931:						printf("No estate cards in your hand, invalid choice\n");
        -:  932:						printf("Must gain an estate if there are any\n");
        -:  933:					}
    #####:  934:					if (supplyCount(estate, state) > 0) {
    #####:  935:						gainCard(estate, state, 0, currentPlayer);
    #####:  936:						state->supplyCount[estate]--;//Decrement estates
    #####:  937:						if (supplyCount(estate, state) == 0) {
    #####:  938:							isGameOver(state);
        -:  939:						}
        -:  940:					}
    #####:  941:					card_not_discarded = 0;//Exit the loop
        -:  942:				}
        -:  943:
        -:  944:				else {
    #####:  945:					p++;//Next card
        -:  946:				}
        -:  947:			}
        -:  948:		}
        -:  949:
        -:  950:		else {
    #####:  951:			if (supplyCount(estate, state) > 0) {
    #####:  952:				gainCard(estate, state, 0, currentPlayer);//Gain an estate
    #####:  953:				state->supplyCount[estate]--;//Decrement Estates
    #####:  954:				if (supplyCount(estate, state) == 0) {
    #####:  955:					isGameOver(state);
        -:  956:				}
        -:  957:			}
        -:  958:		}
        -:  959:
        -:  960:
    #####:  961:		return 0;
        -:  962:
        -:  963:	case great_hall:
        -:  964:
        1:  965:		playGreat_hall();
        1:  966:		return 0;
        -:  967:
        -:  968:	case minion:
        -:  969:		//+1 action
    #####:  970:		state->numActions++;
        -:  971:
        -:  972:		//discard card from hand
    #####:  973:		discardCard(handPos, currentPlayer, state, 0);
        -:  974:
    #####:  975:		if (choice1)		//+2 coins
        -:  976:		{
    #####:  977:			state->coins = state->coins + 2;
        -:  978:		}
        -:  979:
    #####:  980:		else if (choice2)		//discard hand, redraw 4, other players with 5+ cards discard hand and draw 4
        -:  981:		{
        -:  982:			//discard hand
    #####:  983:			while (numHandCards(state) > 0)
        -:  984:			{
    #####:  985:				discardCard(handPos, currentPlayer, state, 0);
        -:  986:			}
        -:  987:
        -:  988:			//draw 4
    #####:  989:			for (i = 0; i < 4; i++)
        -:  990:			{
    #####:  991:				drawCard(currentPlayer, state);
        -:  992:			}
        -:  993:
        -:  994:			//other players discard hand and redraw if hand size > 4
    #####:  995:			for (i = 0; i < state->numPlayers; i++)
        -:  996:			{
    #####:  997:				if (i != currentPlayer)
        -:  998:				{
    #####:  999:					if (state->handCount[i] > 4)
        -: 1000:					{
        -: 1001:						//discard hand
    #####: 1002:						while (state->handCount[i] > 0)
        -: 1003:						{
    #####: 1004:							discardCard(handPos, i, state, 0);
        -: 1005:						}
        -: 1006:
        -: 1007:						//draw 4
    #####: 1008:						for (j = 0; j < 4; j++)
        -: 1009:						{
    #####: 1010:							drawCard(i, state);
        -: 1011:						}
        -: 1012:					}
        -: 1013:				}
        -: 1014:			}
        -: 1015:
        -: 1016:		}
    #####: 1017:		return 0;
        -: 1018:
        -: 1019:	case steward:
    #####: 1020:		if (choice1 == 1)
        -: 1021:		{
        -: 1022:			//+2 cards
    #####: 1023:			drawCard(currentPlayer, state);
    #####: 1024:			drawCard(currentPlayer, state);
        -: 1025:		}
    #####: 1026:		else if (choice1 == 2)
        -: 1027:		{
        -: 1028:			//+2 coins
    #####: 1029:			state->coins = state->coins + 2;
        -: 1030:		}
        -: 1031:		else
        -: 1032:		{
        -: 1033:			//trash 2 cards in hand
    #####: 1034:			discardCard(choice2, currentPlayer, state, 1);
    #####: 1035:			discardCard(choice3, currentPlayer, state, 1);
        -: 1036:		}
        -: 1037:
        -: 1038:		//discard card from hand
    #####: 1039:		discardCard(handPos, currentPlayer, state, 0);
    #####: 1040:		return 0;
        -: 1041:
        -: 1042:	case tribute:
    #####: 1043:		if ((state->discardCount[nextPlayer] + state->deckCount[nextPlayer]) <= 1) {
    #####: 1044:			if (state->deckCount[nextPlayer] > 0) {
    #####: 1045:				tributeRevealedCards[0] = state->deck[nextPlayer][state->deckCount[nextPlayer] - 1];
    #####: 1046:				state->deckCount[nextPlayer]--;
        -: 1047:			}
    #####: 1048:			else if (state->discardCount[nextPlayer] > 0) {
    #####: 1049:				tributeRevealedCards[0] = state->discard[nextPlayer][state->discardCount[nextPlayer] - 1];
    #####: 1050:				state->discardCount[nextPlayer]--;
        -: 1051:			}
        -: 1052:			else {
        -: 1053:				//No Card to Reveal
        -: 1054:				if (DEBUG) {
        -: 1055:					printf("No cards to reveal\n");
        -: 1056:				}
        -: 1057:			}
        -: 1058:		}
        -: 1059:
        -: 1060:		else {
    #####: 1061:			if (state->deckCount[nextPlayer] == 0) {
    #####: 1062:				for (i = 0; i < state->discardCount[nextPlayer]; i++) {
    #####: 1063:					state->deck[nextPlayer][i] = state->discard[nextPlayer][i];//Move to deck
    #####: 1064:					state->deckCount[nextPlayer]++;
    #####: 1065:					state->discard[nextPlayer][i] = -1;
    #####: 1066:					state->discardCount[nextPlayer]--;
        -: 1067:				}
        -: 1068:
    #####: 1069:				shuffle(nextPlayer, state);//Shuffle the deck
        -: 1070:			}
    #####: 1071:			tributeRevealedCards[0] = state->deck[nextPlayer][state->deckCount[nextPlayer] - 1];
    #####: 1072:			state->deck[nextPlayer][state->deckCount[nextPlayer]--] = -1;
    #####: 1073:			state->deckCount[nextPlayer]--;
    #####: 1074:			tributeRevealedCards[1] = state->deck[nextPlayer][state->deckCount[nextPlayer] - 1];
    #####: 1075:			state->deck[nextPlayer][state->deckCount[nextPlayer]--] = -1;
    #####: 1076:			state->deckCount[nextPlayer]--;
        -: 1077:		}
        -: 1078:
    #####: 1079:		if (tributeRevealedCards[0] == tributeRevealedCards[1]) {//If we have a duplicate card, just drop one 
    #####: 1080:			state->playedCards[state->playedCardCount] = tributeRevealedCards[1];
    #####: 1081:			state->playedCardCount++;
    #####: 1082:			tributeRevealedCards[1] = -1;
        -: 1083:		}
        -: 1084:
    #####: 1085:		for (i = 0; i <= 2; i++) {
    #####: 1086:			if (tributeRevealedCards[i] == copper || tributeRevealedCards[i] == silver || tributeRevealedCards[i] == gold) {//Treasure cards
    #####: 1087:				state->coins += 2;
        -: 1088:			}
        -: 1089:
    #####: 1090:			else if (tributeRevealedCards[i] == estate || tributeRevealedCards[i] == duchy || tributeRevealedCards[i] == province || tributeRevealedCards[i] == gardens || tributeRevealedCards[i] == great_hall) {//Victory Card Found
    #####: 1091:				drawCard(currentPlayer, state);
    #####: 1092:				drawCard(currentPlayer, state);
        -: 1093:			}
        -: 1094:			else {//Action Card
    #####: 1095:				state->numActions = state->numActions + 2;
        -: 1096:			}
        -: 1097:		}
        -: 1098:
    #####: 1099:		return 0;
        -: 1100:
        -: 1101:	case ambassador:
    #####: 1102:		j = 0;		//used to check if player has enough cards to discard
        -: 1103:
    #####: 1104:		if (choice2 > 2 || choice2 < 0)
        -: 1105:		{
    #####: 1106:			return -1;
        -: 1107:		}
        -: 1108:
    #####: 1109:		if (choice1 == handPos)
        -: 1110:		{
    #####: 1111:			return -1;
        -: 1112:		}
        -: 1113:
    #####: 1114:		for (i = 0; i < state->handCount[currentPlayer]; i++)
        -: 1115:		{
    #####: 1116:			if (i != handPos && i == state->hand[currentPlayer][choice1] && i != choice1)
        -: 1117:			{
    #####: 1118:				j++;
        -: 1119:			}
        -: 1120:		}
    #####: 1121:		if (j < choice2)
        -: 1122:		{
    #####: 1123:			return -1;
        -: 1124:		}
        -: 1125:
        -: 1126:		if (DEBUG)
        -: 1127:			printf("Player %d reveals card number: %d\n", currentPlayer, state->hand[currentPlayer][choice1]);
        -: 1128:
        -: 1129:		//increase supply count for choosen card by amount being discarded
    #####: 1130:		state->supplyCount[state->hand[currentPlayer][choice1]] += choice2;
        -: 1131:
        -: 1132:		//each other player gains a copy of revealed card
    #####: 1133:		for (i = 0; i < state->numPlayers; i++)
        -: 1134:		{
    #####: 1135:			if (i != currentPlayer)
        -: 1136:			{
    #####: 1137:				gainCard(state->hand[currentPlayer][choice1], state, 0, i);
        -: 1138:			}
        -: 1139:		}
        -: 1140:
        -: 1141:		//discard played card from hand
    #####: 1142:		discardCard(handPos, currentPlayer, state, 0);
        -: 1143:
        -: 1144:		//trash copies of cards returned to supply
    #####: 1145:		for (j = 0; j < choice2; j++)
        -: 1146:		{
    #####: 1147:			for (i = 0; i < state->handCount[currentPlayer]; i++)
        -: 1148:			{
    #####: 1149:				if (state->hand[currentPlayer][i] == state->hand[currentPlayer][choice1])
        -: 1150:				{
    #####: 1151:					discardCard(i, currentPlayer, state, 1);
    #####: 1152:					break;
        -: 1153:				}
        -: 1154:			}
        -: 1155:		}
        -: 1156:
    #####: 1157:		return 0;
        -: 1158:
        -: 1159:	case cutpurse:
        -: 1160:
    #####: 1161:		updateCoins(currentPlayer, state, 2);
    #####: 1162:		for (i = 0; i < state->numPlayers; i++)
        -: 1163:		{
    #####: 1164:			if (i != currentPlayer)
        -: 1165:			{
    #####: 1166:				for (j = 0; j < state->handCount[i]; j++)
        -: 1167:				{
    #####: 1168:					if (state->hand[i][j] == copper)
        -: 1169:					{
    #####: 1170:						discardCard(j, i, state, 0);
    #####: 1171:						break;
        -: 1172:					}
    #####: 1173:					if (j == state->handCount[i])
        -: 1174:					{
    #####: 1175:						for (k = 0; k < state->handCount[i]; k++)
        -: 1176:						{
        -: 1177:							if (DEBUG)
        -: 1178:								printf("Player %d reveals card number %d\n", i, state->hand[i][k]);
        -: 1179:						}
    #####: 1180:						break;
        -: 1181:					}
        -: 1182:				}
        -: 1183:
        -: 1184:			}
        -: 1185:
        -: 1186:		}
        -: 1187:
        -: 1188:		//discard played card from hand
    #####: 1189:		discardCard(handPos, currentPlayer, state, 0);
        -: 1190:
    #####: 1191:		return 0;
        -: 1192:
        -: 1193:
        -: 1194:	case embargo:
        -: 1195:		//+2 Coins
    #####: 1196:		state->coins = state->coins + 2;
        -: 1197:
        -: 1198:		//see if selected pile is in play
    #####: 1199:		if (state->supplyCount[choice1] == -1)
        -: 1200:		{
    #####: 1201:			return -1;
        -: 1202:		}
        -: 1203:
        -: 1204:		//add embargo token to selected supply pile
    #####: 1205:		state->embargoTokens[choice1]++;
        -: 1206:
        -: 1207:		//trash card
    #####: 1208:		discardCard(handPos, currentPlayer, state, 1);
    #####: 1209:		return 0;
        -: 1210:
        -: 1211:	case outpost:
        -: 1212:
    #####: 1213:		playOutpost();
        -: 1214:
        -: 1215:
        -: 1216:	case salvager:
        -: 1217:		//+1 buy
    #####: 1218:		state->numBuys++;
        -: 1219:
    #####: 1220:		if (choice1)
        -: 1221:		{
        -: 1222:			//gain coins equal to trashed card
    #####: 1223:			state->coins = state->coins + getCost(handCard(choice1, state));
        -: 1224:			//trash card
    #####: 1225:			discardCard(choice1, currentPlayer, state, 1);
        -: 1226:		}
        -: 1227:
        -: 1228:		//discard card
    #####: 1229:		discardCard(handPos, currentPlayer, state, 0);
    #####: 1230:		return 0;
        -: 1231:
        -: 1232:	case sea_hag:
    #####: 1233:		for (i = 0; i < state->numPlayers; i++) {
    #####: 1234:			if (i != currentPlayer) {
    #####: 1235:				state->discard[i][state->discardCount[i]] = state->deck[i][state->deckCount[i]--];			    state->deckCount[i]--;
    #####: 1236:				state->discardCount[i]++;
    #####: 1237:				state->deck[i][state->deckCount[i]--] = curse;//Top card now a curse
        -: 1238:			}
        -: 1239:		}
    #####: 1240:		return 0;
        -: 1241:
        -: 1242:	case treasure_map:
        -: 1243:		//search hand for another treasure_map
    #####: 1244:		index = -1;
    #####: 1245:		for (i = 0; i < state->handCount[currentPlayer]; i++)
        -: 1246:		{
    #####: 1247:			if (state->hand[currentPlayer][i] == treasure_map && i != handPos)
        -: 1248:			{
    #####: 1249:				index = i;
    #####: 1250:				break;
        -: 1251:			}
        -: 1252:		}
    #####: 1253:		if (index > -1)
        -: 1254:		{
        -: 1255:			//trash both treasure cards
    #####: 1256:			discardCard(handPos, currentPlayer, state, 1);
    #####: 1257:			discardCard(index, currentPlayer, state, 1);
        -: 1258:
        -: 1259:			//gain 4 Gold cards
    #####: 1260:			for (i = 0; i < 4; i++)
        -: 1261:			{
    #####: 1262:				gainCard(gold, state, 1, currentPlayer);
        -: 1263:			}
        -: 1264:
        -: 1265:			//return success
    #####: 1266:			return 1;
        -: 1267:		}
        -: 1268:
        -: 1269:		//no second treasure_map found in hand
    #####: 1270:		return -1;
        -: 1271:	}
        -: 1272:
    #####: 1273:	return -1;
        -: 1274:}
        -: 1275:
        1: 1276:int discardCard(int handPos, int currentPlayer, struct gameState *state, int trashFlag)
        -: 1277:{
        -: 1278:
        -: 1279:	//if card is not trashed, added to Played pile 
        1: 1280:	if (trashFlag < 1)
        -: 1281:	{
        -: 1282:		//add card to played pile
        1: 1283:		state->playedCards[state->playedCardCount] = state->hand[currentPlayer][handPos];
        1: 1284:		state->playedCardCount++;
        -: 1285:	}
        -: 1286:
        -: 1287:	//set played card to -1
        1: 1288:	state->hand[currentPlayer][handPos] = -1;
        -: 1289:
        -: 1290:	//remove card from player's hand
        1: 1291:	if (handPos == (state->handCount[currentPlayer] - 1)) 	//last card in hand array is played
        -: 1292:	{
        -: 1293:		//reduce number of cards in hand
    #####: 1294:		state->handCount[currentPlayer]--;
        -: 1295:	}
        1: 1296:	else if (state->handCount[currentPlayer] == 1) //only one card in hand
        -: 1297:	{
        -: 1298:		//reduce number of cards in hand
    #####: 1299:		state->handCount[currentPlayer]--;
        -: 1300:	}
        -: 1301:	else
        -: 1302:	{
        -: 1303:		//replace discarded card with last card in hand
        1: 1304:		state->hand[currentPlayer][handPos] = state->hand[currentPlayer][(state->handCount[currentPlayer] - 1)];
        -: 1305:		//set last card to -1
        1: 1306:		state->hand[currentPlayer][state->handCount[currentPlayer] - 1] = -1;
        -: 1307:		//reduce number of cards in hand
        1: 1308:		state->handCount[currentPlayer]--;
        -: 1309:	}
        -: 1310:
        1: 1311:	return 0;
        -: 1312:}
        -: 1313:
    #####: 1314:int gainCard(int supplyPos, struct gameState *state, int toFlag, int player)
        -: 1315:{
        -: 1316:	//Note: supplyPos is enum of choosen card
        -: 1317:
        -: 1318:	//check if supply pile is empty (0) or card is not used in game (-1)
    #####: 1319:	if (supplyCount(supplyPos, state) < 1)
        -: 1320:	{
    #####: 1321:		return -1;
        -: 1322:	}
        -: 1323:
        -: 1324:	//added card for [whoseTurn] current player:
        -: 1325:	// toFlag = 0 : add to discard
        -: 1326:	// toFlag = 1 : add to deck
        -: 1327:	// toFlag = 2 : add to hand
        -: 1328:
    #####: 1329:	if (toFlag == 1)
        -: 1330:	{
    #####: 1331:		state->deck[player][state->deckCount[player]] = supplyPos;
    #####: 1332:		state->deckCount[player]++;
        -: 1333:	}
    #####: 1334:	else if (toFlag == 2)
        -: 1335:	{
    #####: 1336:		state->hand[player][state->handCount[player]] = supplyPos;
    #####: 1337:		state->handCount[player]++;
        -: 1338:	}
        -: 1339:	else
        -: 1340:	{
    #####: 1341:		state->discard[player][state->discardCount[player]] = supplyPos;
    #####: 1342:		state->discardCount[player]++;
        -: 1343:	}
        -: 1344:
        -: 1345:	//decrease number in supply pile
    #####: 1346:	state->supplyCount[supplyPos]--;
        -: 1347:
    #####: 1348:	return 0;
        -: 1349:}
        -: 1350:
        1: 1351:int updateCoins(int player, struct gameState *state, int bonus)
        -: 1352:{
        -: 1353:	int i;
        -: 1354:
        -: 1355:	//reset coin count
        1: 1356:	state->coins = 0;
        -: 1357:
        -: 1358:	//add coins for each Treasure card in player's hand
        6: 1359:	for (i = 0; i < state->handCount[player]; i++)
        -: 1360:	{
        5: 1361:		if (state->hand[player][i] == copper)
        -: 1362:		{
        4: 1363:			state->coins += 1;
        -: 1364:		}
        1: 1365:		else if (state->hand[player][i] == silver)
        -: 1366:		{
    #####: 1367:			state->coins += 2;
        -: 1368:		}
        1: 1369:		else if (state->hand[player][i] == gold)
        -: 1370:		{
    #####: 1371:			state->coins += 3;
        -: 1372:		}
        -: 1373:	}
        -: 1374:
        -: 1375:	//add bonus
        1: 1376:	state->coins += bonus;
        -: 1377:
        1: 1378:	return 0;
        -: 1379:}
        -: 1380:
        -: 1381:
        -: 1382://end of dominion.c
